[INFO ] 2024-01-25 11:40:25.887 [main] UserTests2 - ************ Creating User.... *************
[INFO ] 2024-01-25 11:40:37.262 [main] UserTests2 - ************ User Created *************
[INFO ] 2024-01-25 11:40:37.275 [main] UserTests2 - ************ Reading User Info *************
[INFO ] 2024-01-25 11:40:38.491 [main] UserTests2 - ************ User Info is displayed *************
[INFO ] 2024-01-25 11:40:38.492 [main] UserTests2 - ************ Deleting User.... *************
[INFO ] 2024-01-25 11:40:40.031 [main] UserTests2 - ************  User Deleted *************
[INFO ] 2024-01-25 11:40:40.034 [main] UserTests2 - ************ Updating User.... *************
[INFO ] 2024-01-25 11:40:43.518 [main] UserTests2 - ************ User is Updated *************
[INFO ] 2024-01-25 12:13:49.534 [main] UserTests2 - ************ Creating User.... *************
[INFO ] 2024-01-25 12:14:00.739 [main] UserTests2 - ************ User Created *************
[INFO ] 2024-01-25 12:14:00.751 [main] UserTests2 - ************ Reading User Info *************
[INFO ] 2024-01-25 12:14:02.183 [main] UserTests2 - ************ User Info is displayed *************
[INFO ] 2024-01-25 12:14:02.186 [main] UserTests2 - ************ Deleting User.... *************
[INFO ] 2024-01-25 12:14:03.721 [main] UserTests2 - ************  User Deleted *************
[INFO ] 2024-01-25 12:14:03.723 [main] UserTests2 - ************ Updating User.... *************
[INFO ] 2024-01-25 12:14:06.901 [main] UserTests2 - ************ User is Updated *************
[INFO ] 2024-01-25 15:52:41.633 [main] UserTests2 - ************ Creating User.... *************
[INFO ] 2024-01-25 15:52:54.719 [main] UserTests2 - ************ Reading User Info *************
[INFO ] 2024-01-25 15:52:54.748 [main] UserTests2 - ************ Deleting User.... *************
[INFO ] 2024-01-25 15:52:54.763 [main] UserTests2 - ************ Updating User.... *************
[INFO ] 2024-01-25 16:35:28.687 [main] UserTests2 - ************ Creating User.... *************
[INFO ] 2024-01-25 16:35:31.399 [main] UserTests2 - ************ User Created *************
[INFO ] 2024-01-25 16:35:31.407 [main] UserTests2 - ************ Reading User Info *************
[INFO ] 2024-01-25 16:35:32.748 [main] UserTests2 - ************ User Info is displayed *************
[INFO ] 2024-01-25 16:35:32.749 [main] UserTests2 - ************ Deleting User.... *************
[INFO ] 2024-01-25 16:35:34.000 [main] UserTests2 - ************  User Deleted *************
[INFO ] 2024-01-25 16:35:34.001 [main] UserTests2 - ************ Updating User.... *************
[INFO ] 2024-01-25 16:35:36.931 [main] UserTests2 - ************ User is Updated *************
